  [1m[35m (12.7ms)[0m  [1m[34mSELECT sqlite_version(*)[0m
  [1m[35m (1.6ms)[0m  [1m[35mCREATE TABLE "schema_migrations" ("version" varchar NOT NULL PRIMARY KEY)[0m
  [1m[35m (1.1ms)[0m  [1m[35mCREATE TABLE "ar_internal_metadata" ("key" varchar NOT NULL PRIMARY KEY, "value" varchar, "created_at" datetime(6) NOT NULL, "updated_at" datetime(6) NOT NULL)[0m
  [1m[35m (0.2ms)[0m  [1m[34mSELECT "schema_migrations"."version" FROM "schema_migrations" ORDER BY "schema_migrations"."version" ASC[0m
Migrating to CreatePetitions (20200609163810)
  [1m[35m (0.1ms)[0m  [1m[36mbegin transaction[0m
  [1m[35m (0.7ms)[0m  [1m[35mCREATE TABLE "petitions" ("id" integer PRIMARY KEY AUTOINCREMENT NOT NULL, "name" varchar, "description" varchar, "submit_to" varchar, "signature_goal" integer, "created_at" datetime(6) NOT NULL, "updated_at" datetime(6) NOT NULL)[0m
  [1m[36mprimary::SchemaMigration Create (0.2ms)[0m  [1m[32mINSERT INTO "schema_migrations" ("version") VALUES (?)[0m  [["version", "20200609163810"]]
  [1m[35m (1.3ms)[0m  [1m[36mcommit transaction[0m
Migrating to CreateSignees (20200609163919)
  [1m[35m (0.1ms)[0m  [1m[36mbegin transaction[0m
  [1m[35m (0.3ms)[0m  [1m[35mCREATE TABLE "signees" ("id" integer PRIMARY KEY AUTOINCREMENT NOT NULL, "first_name" varchar, "last_name" varchar, "address" varchar, "created_at" datetime(6) NOT NULL, "updated_at" datetime(6) NOT NULL)[0m
  [1m[36mprimary::SchemaMigration Create (0.2ms)[0m  [1m[32mINSERT INTO "schema_migrations" ("version") VALUES (?)[0m  [["version", "20200609163919"]]
  [1m[35m (1.1ms)[0m  [1m[36mcommit transaction[0m
Migrating to CreateSignatures (20200609164013)
  [1m[35m (0.1ms)[0m  [1m[36mbegin transaction[0m
  [1m[35m (0.9ms)[0m  [1m[35mCREATE TABLE "signatures" ("id" integer PRIMARY KEY AUTOINCREMENT NOT NULL, "petition_id" integer NOT NULL, "signee_id" integer NOT NULL, "created_at" datetime(6) NOT NULL, "updated_at" datetime(6) NOT NULL, CONSTRAINT "fk_rails_3e01179571"
FOREIGN KEY ("petition_id")
  REFERENCES "petitions" ("id")
, CONSTRAINT "fk_rails_af68ba152d"
FOREIGN KEY ("signee_id")
  REFERENCES "signees" ("id")
)[0m
  [1m[35m (0.2ms)[0m  [1m[35mCREATE  INDEX "index_signatures_on_petition_id" ON "signatures" ("petition_id")[0m
  [1m[35m (0.2ms)[0m  [1m[35mCREATE  INDEX "index_signatures_on_signee_id" ON "signatures" ("signee_id")[0m
  [1m[36mprimary::SchemaMigration Create (0.2ms)[0m  [1m[32mINSERT INTO "schema_migrations" ("version") VALUES (?)[0m  [["version", "20200609164013"]]
  [1m[35m (3.3ms)[0m  [1m[36mcommit transaction[0m
  [1m[36mActiveRecord::InternalMetadata Load (0.2ms)[0m  [1m[34mSELECT "ar_internal_metadata".* FROM "ar_internal_metadata" WHERE "ar_internal_metadata"."key" = ? LIMIT ?[0m  [["key", "environment"], ["LIMIT", 1]]
  [1m[35m (0.1ms)[0m  [1m[36mbegin transaction[0m
  [1m[36mActiveRecord::InternalMetadata Create (0.3ms)[0m  [1m[32mINSERT INTO "ar_internal_metadata" ("key", "value", "created_at", "updated_at") VALUES (?, ?, ?, ?)[0m  [["key", "environment"], ["value", "development"], ["created_at", "2020-06-09 16:40:42.416626"], ["updated_at", "2020-06-09 16:40:42.416626"]]
  [1m[35m (1.0ms)[0m  [1m[36mcommit transaction[0m
  [1m[35m (0.0ms)[0m  [1m[34mSELECT sqlite_version(*)[0m
  [1m[35m (0.1ms)[0m  [1m[34mSELECT "schema_migrations"."version" FROM "schema_migrations" ORDER BY "schema_migrations"."version" ASC[0m
  [1m[35m (3.1ms)[0m  [1m[34mSELECT sqlite_version(*)[0m
  [1m[35m (0.4ms)[0m  [1m[34mSELECT "schema_migrations"."version" FROM "schema_migrations" ORDER BY "schema_migrations"."version" ASC[0m
  [1m[35m (0.6ms)[0m  [1m[34mSELECT sqlite_version(*)[0m
  [1m[36mSignature Load (0.4ms)[0m  [1m[34mSELECT "signatures".* FROM "signatures"[0m
  [1m[36mSignee Load (1.6ms)[0m  [1m[34mSELECT "signees".* FROM "signees"[0m
  [1m[36mPetition Load (3.4ms)[0m  [1m[34mSELECT "petitions".* FROM "petitions"[0m
  [1m[35m (0.1ms)[0m  [1m[36mbegin transaction[0m
  [1m[36mSignee Create (1.0ms)[0m  [1m[32mINSERT INTO "signees" ("first_name", "last_name", "address", "created_at", "updated_at") VALUES (?, ?, ?, ?, ?)[0m  [["first_name", "Jason"], ["last_name", "Nordheim"], ["address", "80562"], ["created_at", "2020-06-09 17:17:20.454237"], ["updated_at", "2020-06-09 17:17:20.454237"]]
  [1m[35m (12.8ms)[0m  [1m[36mcommit transaction[0m
  [1m[35m (0.1ms)[0m  [1m[36mbegin transaction[0m
  [1m[36mSignee Create (0.5ms)[0m  [1m[32mINSERT INTO "signees" ("first_name", "last_name", "address", "created_at", "updated_at") VALUES (?, ?, ?, ?, ?)[0m  [["first_name", "James"], ["last_name", "Giosmas"], ["address", "80390"], ["created_at", "2020-06-09 17:17:20.475347"], ["updated_at", "2020-06-09 17:17:20.475347"]]
  [1m[35m (0.7ms)[0m  [1m[36mcommit transaction[0m
  [1m[35m (0.0ms)[0m  [1m[36mbegin transaction[0m
  [1m[36mSignee Create (0.5ms)[0m  [1m[32mINSERT INTO "signees" ("first_name", "last_name", "address", "created_at", "updated_at") VALUES (?, ?, ?, ?, ?)[0m  [["first_name", "Lynn"], ["last_name", "Amsbury"], ["address", "80221"], ["created_at", "2020-06-09 17:17:20.501680"], ["updated_at", "2020-06-09 17:17:20.501680"]]
  [1m[35m (0.7ms)[0m  [1m[36mcommit transaction[0m
  [1m[35m (0.0ms)[0m  [1m[36mbegin transaction[0m
  [1m[36mSignee Create (0.3ms)[0m  [1m[32mINSERT INTO "signees" ("first_name", "last_name", "address", "created_at", "updated_at") VALUES (?, ?, ?, ?, ?)[0m  [["first_name", "Logan"], ["last_name", "McGuire"], ["address", "80229"], ["created_at", "2020-06-09 17:17:20.509250"], ["updated_at", "2020-06-09 17:17:20.509250"]]
  [1m[35m (3.1ms)[0m  [1m[36mcommit transaction[0m
  [1m[35m (0.1ms)[0m  [1m[36mbegin transaction[0m
  [1m[36mPetition Create (3.8ms)[0m  [1m[32mINSERT INTO "petitions" ("name", "description", "submit_to", "signature_goal", "created_at", "updated_at") VALUES (?, ?, ?, ?, ?, ?)[0m  [["name", "MORE CATS"], ["description", "NEED MORE CATS"], ["submit_to", "*"], ["signature_goal", 50000], ["created_at", "2020-06-09 17:17:20.541989"], ["updated_at", "2020-06-09 17:17:20.541989"]]
  [1m[35m (0.6ms)[0m  [1m[36mcommit transaction[0m
  [1m[35m (0.1ms)[0m  [1m[36mbegin transaction[0m
  [1m[36mPetition Create (0.4ms)[0m  [1m[32mINSERT INTO "petitions" ("name", "description", "submit_to", "signature_goal", "created_at", "updated_at") VALUES (?, ?, ?, ?, ?, ?)[0m  [["name", "Better weather"], ["description", "Current weather is crummy. Plz fix."], ["submit_to", "A higher power"], ["signature_goal", 1], ["created_at", "2020-06-09 17:17:20.551184"], ["updated_at", "2020-06-09 17:17:20.551184"]]
  [1m[35m (10.9ms)[0m  [1m[36mcommit transaction[0m
  [1m[35m (0.1ms)[0m  [1m[36mbegin transaction[0m
  [1m[36mPetition Create (0.5ms)[0m  [1m[32mINSERT INTO "petitions" ("name", "description", "submit_to", "signature_goal", "created_at", "updated_at") VALUES (?, ?, ?, ?, ?, ?)[0m  [["name", "Need lunch"], ["description", "Please send food"], ["submit_to", "Generous soul"], ["signature_goal", 30], ["created_at", "2020-06-09 17:17:20.568680"], ["updated_at", "2020-06-09 17:17:20.568680"]]
  [1m[35m (1.0ms)[0m  [1m[36mcommit transaction[0m
  [1m[35m (0.1ms)[0m  [1m[36mbegin transaction[0m
  [1m[36mSignature Create (2.1ms)[0m  [1m[32mINSERT INTO "signatures" ("petition_id", "signee_id", "created_at", "updated_at") VALUES (?, ?, ?, ?)[0m  [["petition_id", 1], ["signee_id", 3], ["created_at", "2020-06-09 17:17:20.634325"], ["updated_at", "2020-06-09 17:17:20.634325"]]
  [1m[35m (7.0ms)[0m  [1m[36mcommit transaction[0m
  [1m[35m (0.0ms)[0m  [1m[36mbegin transaction[0m
  [1m[36mSignature Create (0.4ms)[0m  [1m[32mINSERT INTO "signatures" ("petition_id", "signee_id", "created_at", "updated_at") VALUES (?, ?, ?, ?)[0m  [["petition_id", 2], ["signee_id", 3], ["created_at", "2020-06-09 17:17:20.652258"], ["updated_at", "2020-06-09 17:17:20.652258"]]
  [1m[35m (0.7ms)[0m  [1m[36mcommit transaction[0m
  [1m[35m (0.0ms)[0m  [1m[36mbegin transaction[0m
  [1m[36mSignature Create (0.3ms)[0m  [1m[32mINSERT INTO "signatures" ("petition_id", "signee_id", "created_at", "updated_at") VALUES (?, ?, ?, ?)[0m  [["petition_id", 3], ["signee_id", 3], ["created_at", "2020-06-09 17:17:20.656177"], ["updated_at", "2020-06-09 17:17:20.656177"]]
  [1m[35m (0.7ms)[0m  [1m[36mcommit transaction[0m
  [1m[35m (0.0ms)[0m  [1m[36mbegin transaction[0m
  [1m[36mSignature Create (0.5ms)[0m  [1m[32mINSERT INTO "signatures" ("petition_id", "signee_id", "created_at", "updated_at") VALUES (?, ?, ?, ?)[0m  [["petition_id", 2], ["signee_id", 2], ["created_at", "2020-06-09 17:17:20.659845"], ["updated_at", "2020-06-09 17:17:20.659845"]]
  [1m[35m (1.1ms)[0m  [1m[36mcommit transaction[0m
  [1m[35m (0.0ms)[0m  [1m[36mbegin transaction[0m
  [1m[36mSignature Create (0.4ms)[0m  [1m[32mINSERT INTO "signatures" ("petition_id", "signee_id", "created_at", "updated_at") VALUES (?, ?, ?, ?)[0m  [["petition_id", 3], ["signee_id", 4], ["created_at", "2020-06-09 17:17:20.666677"], ["updated_at", "2020-06-09 17:17:20.666677"]]
  [1m[35m (0.9ms)[0m  [1m[36mcommit transaction[0m
  [1m[35m (0.0ms)[0m  [1m[36mbegin transaction[0m
  [1m[36mSignature Create (0.7ms)[0m  [1m[32mINSERT INTO "signatures" ("petition_id", "signee_id", "created_at", "updated_at") VALUES (?, ?, ?, ?)[0m  [["petition_id", 1], ["signee_id", 4], ["created_at", "2020-06-09 17:17:20.671242"], ["updated_at", "2020-06-09 17:17:20.671242"]]
  [1m[35m (0.7ms)[0m  [1m[36mcommit transaction[0m
  [1m[35m (0.1ms)[0m  [1m[36mbegin transaction[0m
  [1m[36mSignature Create (0.5ms)[0m  [1m[32mINSERT INTO "signatures" ("petition_id", "signee_id", "created_at", "updated_at") VALUES (?, ?, ?, ?)[0m  [["petition_id", 1], ["signee_id", 1], ["created_at", "2020-06-09 17:17:20.677946"], ["updated_at", "2020-06-09 17:17:20.677946"]]
  [1m[35m (1.1ms)[0m  [1m[36mcommit transaction[0m
  [1m[35m (0.1ms)[0m  [1m[36mbegin transaction[0m
  [1m[36mSignature Create (0.5ms)[0m  [1m[32mINSERT INTO "signatures" ("petition_id", "signee_id", "created_at", "updated_at") VALUES (?, ?, ?, ?)[0m  [["petition_id", 1], ["signee_id", 2], ["created_at", "2020-06-09 17:17:20.687499"], ["updated_at", "2020-06-09 17:17:20.687499"]]
  [1m[35m (1.0ms)[0m  [1m[36mcommit transaction[0m
  [1m[35m (1.4ms)[0m  [1m[34mSELECT sqlite_version(*)[0m
  [1m[36mSignee Load (0.7ms)[0m  [1m[34mSELECT "signees".* FROM "signees" LIMIT ?[0m  [["LIMIT", 11]]
  [1m[36mSignee Load (0.2ms)[0m  [1m[34mSELECT "signees".* FROM "signees"[0m
  [1m[36mPetition Load (0.6ms)[0m  [1m[34mSELECT "petitions".* FROM "petitions"[0m
  [1m[36mSignature Load (0.5ms)[0m  [1m[34mSELECT "signatures".* FROM "signatures" LIMIT ?[0m  [["LIMIT", 11]]
  [1m[36mPetition Load (0.3ms)[0m  [1m[34mSELECT "petitions".* FROM "petitions" ORDER BY "petitions"."id" ASC LIMIT ?[0m  [["LIMIT", 1]]
  [1m[36mSignee Load (0.7ms)[0m  [1m[34mSELECT "signees".* FROM "signees" INNER JOIN "signatures" ON "signees"."id" = "signatures"."signee_id" WHERE "signatures"."petition_id" = ? LIMIT ?[0m  [["petition_id", 1], ["LIMIT", 11]]
  [1m[36mSignee Load (0.5ms)[0m  [1m[34mSELECT "signees".* FROM "signees" ORDER BY "signees"."id" ASC LIMIT ?[0m  [["LIMIT", 1]]
  [1m[36mPetition Load (0.3ms)[0m  [1m[34mSELECT "petitions".* FROM "petitions" INNER JOIN "signatures" ON "petitions"."id" = "signatures"."petition_id" WHERE "signatures"."signee_id" = ? LIMIT ?[0m  [["signee_id", 1], ["LIMIT", 11]]
Started GET "/petitions" for ::1 at 2020-06-09 11:23:31 -0600
  [1m[35m (0.9ms)[0m  [1m[34mSELECT sqlite_version(*)[0m
  [1m[35m (0.5ms)[0m  [1m[34mSELECT "schema_migrations"."version" FROM "schema_migrations" ORDER BY "schema_migrations"."version" ASC[0m
  
SyntaxError (/Users/zietieflr/Development/Flatiron/code/Module2/rise_hackathon-backend/backend/app/controllers/petitions_controller.rb:4: syntax error, unexpected tLABEL, expecting do or '{' or '('
...render json: petitions include: [:signees]
...                       ^~~~~~~~
/Users/zietieflr/Development/Flatiron/code/Module2/rise_hackathon-backend/backend/app/controllers/petitions_controller.rb:9: syntax error, unexpected tLABEL, expecting do or '{' or '('
... render json: petition include: [:signees]
...                       ^~~~~~~~
/Users/zietieflr/Development/Flatiron/code/Module2/rise_hackathon-backend/backend/app/controllers/petitions_controller.rb:15: syntax error, unexpected tIDENTIFIER, expecting ')'
      description: params[:description]
      ^~~~~~~~~~~
/Users/zietieflr/Development/Flatiron/code/Module2/rise_hackathon-backend/backend/app/controllers/petitions_controller.rb:16: syntax error, unexpected ':', expecting end
      submit_to: params[:submit_to]
               ^
/Users/zietieflr/Development/Flatiron/code/Module2/rise_hackathon-backend/backend/app/controllers/petitions_controller.rb:17: syntax error, unexpected ':', expecting end
      signature_goal: params[:signature_goal]
                    ^
/Users/zietieflr/Development/Flatiron/code/Module2/rise_hackathon-backend/backend/app/controllers/petitions_controller.rb:18: syntax error, unexpected ')', expecting end
    )
    ^):
  
app/controllers/petitions_controller.rb:4: syntax error, unexpected tLABEL, expecting do or '{' or '('
app/controllers/petitions_controller.rb:9: syntax error, unexpected tLABEL, expecting do or '{' or '('
app/controllers/petitions_controller.rb:15: syntax error, unexpected tIDENTIFIER, expecting ')'
app/controllers/petitions_controller.rb:16: syntax error, unexpected ':', expecting end
app/controllers/petitions_controller.rb:17: syntax error, unexpected ':', expecting end
app/controllers/petitions_controller.rb:18: syntax error, unexpected ')', expecting end
app/controllers/petitions_controller.rb:4: syntax error, unexpected tLABEL, expecting do or '{' or '('
app/controllers/petitions_controller.rb:9: syntax error, unexpected tLABEL, expecting do or '{' or '('
app/controllers/petitions_controller.rb:15: syntax error, unexpected tIDENTIFIER, expecting ')'
app/controllers/petitions_controller.rb:16: syntax error, unexpected ':', expecting end
app/controllers/petitions_controller.rb:17: syntax error, unexpected ':', expecting end
app/controllers/petitions_controller.rb:18: syntax error, unexpected ')', expecting end
Started GET "/petitions" for ::1 at 2020-06-09 11:25:33 -0600
  [1m[35m (0.1ms)[0m  [1m[34mSELECT sqlite_version(*)[0m
  
SyntaxError (/Users/zietieflr/Development/Flatiron/code/Module2/rise_hackathon-backend/backend/app/controllers/petitions_controller.rb:15: syntax error, unexpected tIDENTIFIER, expecting ')'
      description: params[:description]
      ^~~~~~~~~~~
/Users/zietieflr/Development/Flatiron/code/Module2/rise_hackathon-backend/backend/app/controllers/petitions_controller.rb:16: syntax error, unexpected ':', expecting end
      submit_to: params[:submit_to]
               ^
/Users/zietieflr/Development/Flatiron/code/Module2/rise_hackathon-backend/backend/app/controllers/petitions_controller.rb:17: syntax error, unexpected ':', expecting end
      signature_goal: params[:signature_goal]
                    ^
/Users/zietieflr/Development/Flatiron/code/Module2/rise_hackathon-backend/backend/app/controllers/petitions_controller.rb:18: syntax error, unexpected ')', expecting end
    )
    ^):
  
app/controllers/petitions_controller.rb:15: syntax error, unexpected tIDENTIFIER, expecting ')'
app/controllers/petitions_controller.rb:16: syntax error, unexpected ':', expecting end
app/controllers/petitions_controller.rb:17: syntax error, unexpected ':', expecting end
app/controllers/petitions_controller.rb:18: syntax error, unexpected ')', expecting end
app/controllers/petitions_controller.rb:15: syntax error, unexpected tIDENTIFIER, expecting ')'
app/controllers/petitions_controller.rb:16: syntax error, unexpected ':', expecting end
app/controllers/petitions_controller.rb:17: syntax error, unexpected ':', expecting end
app/controllers/petitions_controller.rb:18: syntax error, unexpected ')', expecting end
Started GET "/petitions" for ::1 at 2020-06-09 11:26:17 -0600
  [1m[35m (7.4ms)[0m  [1m[34mSELECT sqlite_version(*)[0m
  [1m[35m (2.1ms)[0m  [1m[34mSELECT "schema_migrations"."version" FROM "schema_migrations" ORDER BY "schema_migrations"."version" ASC[0m
  
SyntaxError (/Users/zietieflr/Development/Flatiron/code/Module2/rise_hackathon-backend/backend/app/controllers/petitions_controller.rb:15: syntax error, unexpected tIDENTIFIER, expecting ')'
      description: params[:description]
      ^~~~~~~~~~~
/Users/zietieflr/Development/Flatiron/code/Module2/rise_hackathon-backend/backend/app/controllers/petitions_controller.rb:16: syntax error, unexpected ':', expecting end
      submit_to: params[:submit_to]
               ^
/Users/zietieflr/Development/Flatiron/code/Module2/rise_hackathon-backend/backend/app/controllers/petitions_controller.rb:17: syntax error, unexpected ':', expecting end
      signature_goal: params[:signature_goal]
                    ^
/Users/zietieflr/Development/Flatiron/code/Module2/rise_hackathon-backend/backend/app/controllers/petitions_controller.rb:18: syntax error, unexpected ')', expecting end
    )
    ^):
  
app/controllers/petitions_controller.rb:15: syntax error, unexpected tIDENTIFIER, expecting ')'
app/controllers/petitions_controller.rb:16: syntax error, unexpected ':', expecting end
app/controllers/petitions_controller.rb:17: syntax error, unexpected ':', expecting end
app/controllers/petitions_controller.rb:18: syntax error, unexpected ')', expecting end
app/controllers/petitions_controller.rb:15: syntax error, unexpected tIDENTIFIER, expecting ')'
app/controllers/petitions_controller.rb:16: syntax error, unexpected ':', expecting end
app/controllers/petitions_controller.rb:17: syntax error, unexpected ':', expecting end
app/controllers/petitions_controller.rb:18: syntax error, unexpected ')', expecting end
Started GET "/petitions" for ::1 at 2020-06-09 11:27:45 -0600
  [1m[35m (8.2ms)[0m  [1m[34mSELECT sqlite_version(*)[0m
  [1m[35m (0.5ms)[0m  [1m[34mSELECT "schema_migrations"."version" FROM "schema_migrations" ORDER BY "schema_migrations"."version" ASC[0m
Processing by PetitionsController#index as */*
  [1m[36mPetition Load (0.4ms)[0m  [1m[34mSELECT "petitions".* FROM "petitions"[0m
  ↳ app/controllers/petitions_controller.rb:4:in `index'
  [1m[36mSignee Load (1.9ms)[0m  [1m[34mSELECT "signees".* FROM "signees" INNER JOIN "signatures" ON "signees"."id" = "signatures"."signee_id" WHERE "signatures"."petition_id" = ?[0m  [["petition_id", 1]]
  ↳ app/controllers/petitions_controller.rb:4:in `index'
  [1m[36mSignee Load (0.2ms)[0m  [1m[34mSELECT "signees".* FROM "signees" INNER JOIN "signatures" ON "signees"."id" = "signatures"."signee_id" WHERE "signatures"."petition_id" = ?[0m  [["petition_id", 2]]
  ↳ app/controllers/petitions_controller.rb:4:in `index'
  [1m[36mSignee Load (0.7ms)[0m  [1m[34mSELECT "signees".* FROM "signees" INNER JOIN "signatures" ON "signees"."id" = "signatures"."signee_id" WHERE "signatures"."petition_id" = ?[0m  [["petition_id", 3]]
  ↳ app/controllers/petitions_controller.rb:4:in `index'
Completed 200 OK in 189ms (Views: 177.6ms | ActiveRecord: 4.4ms | Allocations: 22478)


Started GET "/signees" for ::1 at 2020-06-09 11:28:10 -0600
  
SyntaxError (/Users/zietieflr/Development/Flatiron/code/Module2/rise_hackathon-backend/backend/app/controllers/signees_controller.rb:4: syntax error, unexpected tLABEL, expecting do or '{' or '('
...  render json: signees include: [:petitions]
...                       ^~~~~~~~
/Users/zietieflr/Development/Flatiron/code/Module2/rise_hackathon-backend/backend/app/controllers/signees_controller.rb:9: syntax error, unexpected tLABEL, expecting do or '{' or '('
...   render json: signee include: [:petitions]
...                       ^~~~~~~~):
  
app/controllers/signees_controller.rb:4: syntax error, unexpected tLABEL, expecting do or '{' or '('
app/controllers/signees_controller.rb:9: syntax error, unexpected tLABEL, expecting do or '{' or '('
app/controllers/signees_controller.rb:4: syntax error, unexpected tLABEL, expecting do or '{' or '('
app/controllers/signees_controller.rb:9: syntax error, unexpected tLABEL, expecting do or '{' or '('
Started GET "/signees" for ::1 at 2020-06-09 11:28:43 -0600
  [1m[35m (1.0ms)[0m  [1m[34mSELECT sqlite_version(*)[0m
  [1m[35m (0.5ms)[0m  [1m[34mSELECT "schema_migrations"."version" FROM "schema_migrations" ORDER BY "schema_migrations"."version" ASC[0m
Processing by SigneesController#index as */*
  [1m[36mSignee Load (1.2ms)[0m  [1m[34mSELECT "signees".* FROM "signees"[0m
  ↳ app/controllers/signees_controller.rb:4:in `index'
  [1m[36mPetition Load (0.5ms)[0m  [1m[34mSELECT "petitions".* FROM "petitions" INNER JOIN "signatures" ON "petitions"."id" = "signatures"."petition_id" WHERE "signatures"."signee_id" = ?[0m  [["signee_id", 1]]
  ↳ app/controllers/signees_controller.rb:4:in `index'
  [1m[36mPetition Load (0.2ms)[0m  [1m[34mSELECT "petitions".* FROM "petitions" INNER JOIN "signatures" ON "petitions"."id" = "signatures"."petition_id" WHERE "signatures"."signee_id" = ?[0m  [["signee_id", 2]]
  ↳ app/controllers/signees_controller.rb:4:in `index'
  [1m[36mPetition Load (0.2ms)[0m  [1m[34mSELECT "petitions".* FROM "petitions" INNER JOIN "signatures" ON "petitions"."id" = "signatures"."petition_id" WHERE "signatures"."signee_id" = ?[0m  [["signee_id", 3]]
  ↳ app/controllers/signees_controller.rb:4:in `index'
  [1m[36mPetition Load (0.1ms)[0m  [1m[34mSELECT "petitions".* FROM "petitions" INNER JOIN "signatures" ON "petitions"."id" = "signatures"."petition_id" WHERE "signatures"."signee_id" = ?[0m  [["signee_id", 4]]
  ↳ app/controllers/signees_controller.rb:4:in `index'
Completed 200 OK in 64ms (Views: 55.1ms | ActiveRecord: 4.0ms | Allocations: 23823)


Started GET "/petitions" for ::1 at 2020-06-09 11:34:08 -0600
Processing by PetitionsController#index as */*
  [1m[36mPetition Load (1.0ms)[0m  [1m[34mSELECT "petitions".* FROM "petitions"[0m
  ↳ app/controllers/petitions_controller.rb:4:in `index'
  [1m[36mSignee Load (0.7ms)[0m  [1m[34mSELECT "signees".* FROM "signees" INNER JOIN "signatures" ON "signees"."id" = "signatures"."signee_id" WHERE "signatures"."petition_id" = ?[0m  [["petition_id", 1]]
  ↳ app/controllers/petitions_controller.rb:4:in `index'
  [1m[36mSignee Load (0.1ms)[0m  [1m[34mSELECT "signees".* FROM "signees" INNER JOIN "signatures" ON "signees"."id" = "signatures"."signee_id" WHERE "signatures"."petition_id" = ?[0m  [["petition_id", 2]]
  ↳ app/controllers/petitions_controller.rb:4:in `index'
  [1m[36mSignee Load (0.4ms)[0m  [1m[34mSELECT "signees".* FROM "signees" INNER JOIN "signatures" ON "signees"."id" = "signatures"."signee_id" WHERE "signatures"."petition_id" = ?[0m  [["petition_id", 3]]
  ↳ app/controllers/petitions_controller.rb:4:in `index'
Completed 200 OK in 60ms (Views: 52.0ms | ActiveRecord: 2.3ms | Allocations: 6413)


Started GET "/petitions/1" for ::1 at 2020-06-09 11:34:37 -0600
Processing by PetitionsController#show as */*
  Parameters: {"id"=>"1"}
  [1m[36mPetition Load (0.3ms)[0m  [1m[34mSELECT "petitions".* FROM "petitions" WHERE "petitions"."id" = ? LIMIT ?[0m  [["id", 1], ["LIMIT", 1]]
  ↳ app/controllers/petitions_controller.rb:8:in `show'
  [1m[36mSignee Load (0.2ms)[0m  [1m[34mSELECT "signees".* FROM "signees" INNER JOIN "signatures" ON "signees"."id" = "signatures"."signee_id" WHERE "signatures"."petition_id" = ?[0m  [["petition_id", 1]]
  ↳ app/controllers/petitions_controller.rb:9:in `show'
Completed 200 OK in 7ms (Views: 4.0ms | ActiveRecord: 0.5ms | Allocations: 2618)


